<?xml version="1.0" encoding="UTF-8"?>
<testsuites name="saf_masoko_test_suite" time="204" tests="1" failures="5" errors="0">
   <testsuite name="saf_masoko_test_suite" tests="1" failures="5" errors="0" time="204" timestamp="2018-08-04 15:46:05" hostname="USER - DESKTOP-A3PF5TC" id="Test Suites/saf_masoko_test_suite">
      <properties>
         <property name="deviceName" value=""/>
         <property name="devicePlatform" value=""/>
         <property name="logFolder" value="C:\\Users\\USER\\git\\codefest-Saf-2018\\Reports\\saf_masoko_test_suite\\20180804_154601"/>
         <property name="logFiles" value="C:\\Users\\USER\\git\\codefest-Saf-2018\\Reports\\saf_masoko_test_suite\\20180804_154601\\execution0.log"/>
         <property name="attachments" value="C:\\Users\\USER\\git\\codefest-Saf-2018\\Reports\\saf_masoko_test_suite\\20180804_154601\\1533386794581.png, C:\\Users\\USER\\git\\codefest-Saf-2018\\Reports\\saf_masoko_test_suite\\20180804_154601\\1533386812944.png, C:\\Users\\USER\\git\\codefest-Saf-2018\\Reports\\saf_masoko_test_suite\\20180804_154601\\1533386848711.png, C:\\Users\\USER\\git\\codefest-Saf-2018\\Reports\\saf_masoko_test_suite\\20180804_154601\\1533386940843.png, C:\\Users\\USER\\git\\codefest-Saf-2018\\Reports\\saf_masoko_test_suite\\20180804_154601\\1533386968161.png"/>
         <property name="hostName" value="USER - DESKTOP-A3PF5TC"/>
         <property name="os" value="Windows 10 64bit"/>
         <property name="katalonVersion" value="5.5.0.1"/>
         <property name="browser" value="Chrome 67.0.3396.99"/>
         <property name="hostAddress" value="172.16.40.43"/>
         <property name="sessionId" value="2a39201c7a5e7955f157f8b440e5a2dd"/>
         <property name="seleniumVersion" value="3.7.1"/>
         <property name="proxyInformation" value="ProxyInformation{proxyOption=NO_PROXY, proxyServerType=HTTP, password=, proxyServerAddress=, proxyServerPort=0}"/>
         <property name="platform" value="Windows 10"/>
      </properties>
      <testcase name="Test Cases/TC1_user_registration" classname="Test Cases/TC1_user_registration" status="FAILED">
         <failure type="FAILED" message="Unable to click on object 'Object Repository/Page_Create New Customer Account/label_Confirm Password' (Root cause: org.openqa.selenium.ElementNotVisibleException: element not visible
  (Session info: chrome=67.0.3396.99)
  (Driver info: chromedriver=2.35.528161 (5b82f2d2aae0ca24b877009200ced9065a772e73),platform=Windows NT 10.0.17134 x86_64) (WARNING: The server did not provide any stacktrace information)
Command duration or timeout: 0 milliseconds
Build info: version: '3.7.1', revision: '8a0099a', time: '2017-11-06T21:07:36.161Z'
System info: host: 'DESKTOP-A3PF5TC', ip: '172.16.40.43', os.name: 'Windows 10', os.arch: 'amd64', os.version: '10.0', java.version: '1.8.0_102'
Driver info: com.kms.katalon.selenium.driver.CChromeDriver
Capabilities {acceptInsecureCerts: false, acceptSslCerts: false, applicationCacheEnabled: false, browserConnectionEnabled: false, browserName: chrome, chrome: {chromedriverVersion: 2.35.528161 (5b82f2d2aae0ca..., userDataDir: C:\Users\USER\AppData\Local...}, cssSelectorsEnabled: true, databaseEnabled: false, handlesAlerts: true, hasTouchScreen: false, javascriptEnabled: true, locationContextEnabled: true, mobileEmulationEnabled: false, nativeEvents: true, networkConnectionEnabled: false, pageLoadStrategy: normal, platform: XP, platformName: XP, rotatable: false, setWindowRect: true, takesHeapSnapshot: true, takesScreenshot: true, unexpectedAlertBehaviour: , unhandledPromptBehavior: , version: 67.0.3396.99, webStorageEnabled: true}
Session ID: 3882b0b31e4353628c82820d9faa117d)"/>
         <system-out><![CDATA[2018-08-04 15:46:05 - [TEST_CASE][FAILED] - Test Cases/TC1_user_registration: Test Cases/TC1_user_registration FAILED because (of) Unable to click on object 'Object Repository/Page_Create New Customer Account/label_Confirm Password' (Root cause: org.openqa.selenium.ElementNotVisibleException: element not visible
  (Session info: chrome=67.0.3396.99)
  (Driver info: chromedriver=2.35.528161 (5b82f2d2aae0ca24b877009200ced9065a772e73),platform=Windows NT 10.0.17134 x86_64) (WARNING: The server did not provide any stacktrace information)
Command duration or timeout: 0 milliseconds
Build info: version: '3.7.1', revision: '8a0099a', time: '2017-11-06T21:07:36.161Z'
System info: host: 'DESKTOP-A3PF5TC', ip: '172.16.40.43', os.name: 'Windows 10', os.arch: 'amd64', os.version: '10.0', java.version: '1.8.0_102'
Driver info: com.kms.katalon.selenium.driver.CChromeDriver
Capabilities {acceptInsecureCerts: false, acceptSslCerts: false, applicationCacheEnabled: false, browserConnectionEnabled: false, browserName: chrome, chrome: {chromedriverVersion: 2.35.528161 (5b82f2d2aae0ca..., userDataDir: C:\Users\USER\AppData\Local...}, cssSelectorsEnabled: true, databaseEnabled: false, handlesAlerts: true, hasTouchScreen: false, javascriptEnabled: true, locationContextEnabled: true, mobileEmulationEnabled: false, nativeEvents: true, networkConnectionEnabled: false, pageLoadStrategy: normal, platform: XP, platformName: XP, rotatable: false, setWindowRect: true, takesHeapSnapshot: true, takesScreenshot: true, unexpectedAlertBehaviour: , unhandledPromptBehavior: , version: 67.0.3396.99, webStorageEnabled: true}
Session ID: 3882b0b31e4353628c82820d9faa117d)

2018-08-04 15:46:06 - [TEST_STEP][PASSED] - openBrowser: Browser is opened with url: ''

2018-08-04 15:46:10 - [MESSAGE][PASSED] - Browser is opened with url: ''

2018-08-04 15:46:10 - [TEST_STEP][PASSED] - navigateToUrl: Navigate to 'https://www.masoko.com/' successfully

2018-08-04 15:46:25 - [MESSAGE][PASSED] - Navigate to 'https://www.masoko.com/' successfully

2018-08-04 15:46:25 - [TEST_STEP][PASSED] - click: Object: 'Object Repository/Page_Shop Online in Kenya - Pay Con/span_Register' is clicked on

2018-08-04 15:46:30 - [MESSAGE][PASSED] - Object: 'Object Repository/Page_Shop Online in Kenya - Pay Con/span_Register' is clicked on

2018-08-04 15:46:30 - [TEST_STEP][PASSED] - click: Object: 'Object Repository/Page_Create New Customer Account/span_Create an Account' is clicked on

2018-08-04 15:46:31 - [MESSAGE][PASSED] - Object: 'Object Repository/Page_Create New Customer Account/span_Create an Account' is clicked on

2018-08-04 15:46:31 - [TEST_STEP][PASSED] - setText: Text 'Damaris' is set on object 'Object Repository/Page_Create New Customer Account/input_firstname'

2018-08-04 15:46:31 - [MESSAGE][PASSED] - Text 'Damaris' is set on object 'Object Repository/Page_Create New Customer Account/input_firstname'

2018-08-04 15:46:31 - [TEST_STEP][PASSED] - setText: Text 'Cherono' is set on object 'Object Repository/Page_Create New Customer Account/input_lastname'

2018-08-04 15:46:31 - [MESSAGE][PASSED] - Text 'Cherono' is set on object 'Object Repository/Page_Create New Customer Account/input_lastname'

2018-08-04 15:46:31 - [TEST_STEP][PASSED] - setText: Text '+254746155548' is set on object 'Object Repository/Page_Create New Customer Account/input_mobile'

2018-08-04 15:46:32 - [MESSAGE][PASSED] - Text '+254746155548' is set on object 'Object Repository/Page_Create New Customer Account/input_mobile'

2018-08-04 15:46:32 - [TEST_STEP][PASSED] - click: Object: 'Object Repository/Page_Create New Customer Account/label_Email' is clicked on

2018-08-04 15:46:32 - [MESSAGE][PASSED] - Object: 'Object Repository/Page_Create New Customer Account/label_Email' is clicked on

2018-08-04 15:46:32 - [TEST_STEP][PASSED] - setText: Text 'cherodamer21@gmail.com' is set on object 'Object Repository/Page_Create New Customer Account/input_email'

2018-08-04 15:46:33 - [MESSAGE][PASSED] - Text 'cherodamer21@gmail.com' is set on object 'Object Repository/Page_Create New Customer Account/input_email'

2018-08-04 15:46:33 - [TEST_STEP][PASSED] - click: Object: 'Object Repository/Page_Create New Customer Account/div_Password Strength' is clicked on

2018-08-04 15:46:33 - [MESSAGE][PASSED] - Object: 'Object Repository/Page_Create New Customer Account/div_Password Strength' is clicked on

2018-08-04 15:46:33 - [TEST_STEP][PASSED] - click: Object: 'Object Repository/Page_Create New Customer Account/div_Password Strength' is clicked on

2018-08-04 15:46:33 - [MESSAGE][PASSED] - Object: 'Object Repository/Page_Create New Customer Account/div_Password Strength' is clicked on

2018-08-04 15:46:33 - [TEST_STEP][PASSED] - click: Object: 'Object Repository/Page_Create New Customer Account/label_Password' is clicked on

2018-08-04 15:46:33 - [MESSAGE][PASSED] - Object: 'Object Repository/Page_Create New Customer Account/label_Password' is clicked on

2018-08-04 15:46:33 - [TEST_STEP][PASSED] - setEncryptedText: Text ****** has been set on object 'Object Repository/Page_Create New Customer Account/input_password'

2018-08-04 15:46:34 - [MESSAGE][PASSED] - Text ****** has been set on object 'Object Repository/Page_Create New Customer Account/input_password'

2018-08-04 15:46:34 - [TEST_STEP][FAILED] - click: Unable to click on object 'Object Repository/Page_Create New Customer Account/label_Confirm Password' (Root cause: org.openqa.selenium.ElementNotVisibleException: element not visible
  (Session info: chrome=67.0.3396.99)
  (Driver info: chromedriver=2.35.528161 (5b82f2d2aae0ca24b877009200ced9065a772e73),platform=Windows NT 10.0.17134 x86_64) (WARNING: The server did not provide any stacktrace information)
Command duration or timeout: 0 milliseconds
Build info: version: '3.7.1', revision: '8a0099a', time: '2017-11-06T21:07:36.161Z'
System info: host: 'DESKTOP-A3PF5TC', ip: '172.16.40.43', os.name: 'Windows 10', os.arch: 'amd64', os.version: '10.0', java.version: '1.8.0_102'
Driver info: com.kms.katalon.selenium.driver.CChromeDriver
Capabilities {acceptInsecureCerts: false, acceptSslCerts: false, applicationCacheEnabled: false, browserConnectionEnabled: false, browserName: chrome, chrome: {chromedriverVersion: 2.35.528161 (5b82f2d2aae0ca..., userDataDir: C:\Users\USER\AppData\Local...}, cssSelectorsEnabled: true, databaseEnabled: false, handlesAlerts: true, hasTouchScreen: false, javascriptEnabled: true, locationContextEnabled: true, mobileEmulationEnabled: false, nativeEvents: true, networkConnectionEnabled: false, pageLoadStrategy: normal, platform: XP, platformName: XP, rotatable: false, setWindowRect: true, takesHeapSnapshot: true, takesScreenshot: true, unexpectedAlertBehaviour: , unhandledPromptBehavior: , version: 67.0.3396.99, webStorageEnabled: true}
Session ID: 3882b0b31e4353628c82820d9faa117d)

2018-08-04 15:46:34 - [MESSAGE][FAILED] - Unable to click on object 'Object Repository/Page_Create New Customer Account/label_Confirm Password' (Root cause: org.openqa.selenium.ElementNotVisibleException: element not visible
  (Session info: chrome=67.0.3396.99)
  (Driver info: chromedriver=2.35.528161 (5b82f2d2aae0ca24b877009200ced9065a772e73),platform=Windows NT 10.0.17134 x86_64) (WARNING: The server did not provide any stacktrace information)
Command duration or timeout: 0 milliseconds
Build info: version: '3.7.1', revision: '8a0099a', time: '2017-11-06T21:07:36.161Z'
System info: host: 'DESKTOP-A3PF5TC', ip: '172.16.40.43', os.name: 'Windows 10', os.arch: 'amd64', os.version: '10.0', java.version: '1.8.0_102'
Driver info: com.kms.katalon.selenium.driver.CChromeDriver
Capabilities {acceptInsecureCerts: false, acceptSslCerts: false, applicationCacheEnabled: false, browserConnectionEnabled: false, browserName: chrome, chrome: {chromedriverVersion: 2.35.528161 (5b82f2d2aae0ca..., userDataDir: C:\Users\USER\AppData\Local...}, cssSelectorsEnabled: true, databaseEnabled: false, handlesAlerts: true, hasTouchScreen: false, javascriptEnabled: true, locationContextEnabled: true, mobileEmulationEnabled: false, nativeEvents: true, networkConnectionEnabled: false, pageLoadStrategy: normal, platform: XP, platformName: XP, rotatable: false, setWindowRect: true, takesHeapSnapshot: true, takesScreenshot: true, unexpectedAlertBehaviour: , unhandledPromptBehavior: , version: 67.0.3396.99, webStorageEnabled: true}
Session ID: 3882b0b31e4353628c82820d9faa117d)
[[ATTACHMENT|C:\\Users\\USER\\git\\codefest-Saf-2018\\Reports\\saf_masoko_test_suite\\20180804_154601\\1533386794581.png]]]]></system-out>
         <system-err><![CDATA[2018-08-04 15:46:05 - [TEST_CASE][FAILED] - Test Cases/TC1_user_registration: Test Cases/TC1_user_registration FAILED because (of) Unable to click on object 'Object Repository/Page_Create New Customer Account/label_Confirm Password' (Root cause: org.openqa.selenium.ElementNotVisibleException: element not visible
  (Session info: chrome=67.0.3396.99)
  (Driver info: chromedriver=2.35.528161 (5b82f2d2aae0ca24b877009200ced9065a772e73),platform=Windows NT 10.0.17134 x86_64) (WARNING: The server did not provide any stacktrace information)
Command duration or timeout: 0 milliseconds
Build info: version: '3.7.1', revision: '8a0099a', time: '2017-11-06T21:07:36.161Z'
System info: host: 'DESKTOP-A3PF5TC', ip: '172.16.40.43', os.name: 'Windows 10', os.arch: 'amd64', os.version: '10.0', java.version: '1.8.0_102'
Driver info: com.kms.katalon.selenium.driver.CChromeDriver
Capabilities {acceptInsecureCerts: false, acceptSslCerts: false, applicationCacheEnabled: false, browserConnectionEnabled: false, browserName: chrome, chrome: {chromedriverVersion: 2.35.528161 (5b82f2d2aae0ca..., userDataDir: C:\Users\USER\AppData\Local...}, cssSelectorsEnabled: true, databaseEnabled: false, handlesAlerts: true, hasTouchScreen: false, javascriptEnabled: true, locationContextEnabled: true, mobileEmulationEnabled: false, nativeEvents: true, networkConnectionEnabled: false, pageLoadStrategy: normal, platform: XP, platformName: XP, rotatable: false, setWindowRect: true, takesHeapSnapshot: true, takesScreenshot: true, unexpectedAlertBehaviour: , unhandledPromptBehavior: , version: 67.0.3396.99, webStorageEnabled: true}
Session ID: 3882b0b31e4353628c82820d9faa117d)]]></system-err>
      </testcase>
      <testcase name="Test Cases/TC2_user_registration_valid_data" classname="Test Cases/TC2_user_registration_valid_data" status="FAILED">
         <failure type="FAILED" message="Unable to click on object (Root cause: java.lang.IllegalArgumentException: Object is null)"/>
         <system-out><![CDATA[2018-08-04 15:46:35 - [TEST_CASE][FAILED] - Test Cases/TC2_user_registration_valid_data: Test Cases/TC2_user_registration_valid_data FAILED because (of) Unable to click on object (Root cause: java.lang.IllegalArgumentException: Object is null)

2018-08-04 15:46:35 - [TEST_STEP][PASSED] - openBrowser: Browser is opened with url: ''

2018-08-04 15:46:35 - [MESSAGE][WARNING] - A browser is already opened. Closing browser and opening a new one

2018-08-04 15:46:38 - [MESSAGE][PASSED] - Browser is opened with url: ''

2018-08-04 15:46:38 - [TEST_STEP][PASSED] - navigateToUrl: Navigate to 'https://www.masoko.com/customer/account/create/' successfully

2018-08-04 15:46:52 - [MESSAGE][PASSED] - Navigate to 'https://www.masoko.com/customer/account/create/' successfully

2018-08-04 15:46:52 - [TEST_STEP][FAILED] - click: Unable to click on object (Root cause: java.lang.IllegalArgumentException: Object is null)

2018-08-04 15:46:52 - [MESSAGE][WARNING] - Cannot find test object with id 'Object Repository/Page_Create New Customer Account/html_var require          base' because of 'org.dom4j.DocumentException: Error on line 287 of document file:///C:/Users/USER/git/codefest-Saf-2018/Object%20Repository/Page_Create%20New%20Customer%20Account/html_var%20require%20%20%20%20%20%20%20%20%20%20base.rs : The character sequence "]]>" must not appear in content unless used to mark the end of a CDATA section. Nested exception: The character sequence "]]>" must not appear in content unless used to mark the end of a CDATA section.'

2018-08-04 15:46:52 - [MESSAGE][WARNING] - Test object with id 'Object Repository/' does not exist

2018-08-04 15:46:53 - [MESSAGE][FAILED] - Unable to click on object (Root cause: java.lang.IllegalArgumentException: Object is null)
[[ATTACHMENT|C:\\Users\\USER\\git\\codefest-Saf-2018\\Reports\\saf_masoko_test_suite\\20180804_154601\\1533386812944.png]]]]></system-out>
         <system-err><![CDATA[2018-08-04 15:46:35 - [TEST_CASE][FAILED] - Test Cases/TC2_user_registration_valid_data: Test Cases/TC2_user_registration_valid_data FAILED because (of) Unable to click on object (Root cause: java.lang.IllegalArgumentException: Object is null)]]></system-err>
      </testcase>
      <testcase name="Test Cases/TC3_user_sig_in" classname="Test Cases/TC3_user_sig_in" status="FAILED">
         <failure type="FAILED" message="Unable to set text 'cheroda@gmail.com' of object 'Object Repository/Page_Customer Login/input_loginusername' (Root cause: com.kms.katalon.core.webui.exception.WebElementNotFoundException: Web element with id: 'Object Repository/Page_Customer Login/input_loginusername' located by 'By.xpath: //input[@name = 'login[username]' and @id = 'email' and @title = 'Email' and @type = 'email']' not found)"/>
         <system-out><![CDATA[2018-08-04 15:46:53 - [TEST_CASE][FAILED] - Test Cases/TC3_user_sig_in: Test Cases/TC3_user_sig_in FAILED because (of) Unable to set text 'cheroda@gmail.com' of object 'Object Repository/Page_Customer Login/input_loginusername' (Root cause: com.kms.katalon.core.webui.exception.WebElementNotFoundException: Web element with id: 'Object Repository/Page_Customer Login/input_loginusername' located by 'By.xpath: //input[@name = 'login[username]' and @id = 'email' and @title = 'Email' and @type = 'email']' not found)

2018-08-04 15:46:53 - [TEST_STEP][PASSED] - openBrowser: Browser is opened with url: ''

2018-08-04 15:46:53 - [MESSAGE][WARNING] - A browser is already opened. Closing browser and opening a new one

2018-08-04 15:46:57 - [MESSAGE][PASSED] - Browser is opened with url: ''

2018-08-04 15:46:57 - [TEST_STEP][FAILED] - setText: Unable to set text 'cheroda@gmail.com' of object 'Object Repository/Page_Customer Login/input_loginusername' (Root cause: com.kms.katalon.core.webui.exception.WebElementNotFoundException: Web element with id: 'Object Repository/Page_Customer Login/input_loginusername' located by 'By.xpath: //input[@name = 'login[username]' and @id = 'email' and @title = 'Email' and @type = 'email']' not found)

2018-08-04 15:47:29 - [MESSAGE][FAILED] - Unable to set text 'cheroda@gmail.com' of object 'Object Repository/Page_Customer Login/input_loginusername' (Root cause: com.kms.katalon.core.webui.exception.WebElementNotFoundException: Web element with id: 'Object Repository/Page_Customer Login/input_loginusername' located by 'By.xpath: //input[@name = 'login[username]' and @id = 'email' and @title = 'Email' and @type = 'email']' not found)
[[ATTACHMENT|C:\\Users\\USER\\git\\codefest-Saf-2018\\Reports\\saf_masoko_test_suite\\20180804_154601\\1533386848711.png]]]]></system-out>
         <system-err><![CDATA[2018-08-04 15:46:53 - [TEST_CASE][FAILED] - Test Cases/TC3_user_sig_in: Test Cases/TC3_user_sig_in FAILED because (of) Unable to set text 'cheroda@gmail.com' of object 'Object Repository/Page_Customer Login/input_loginusername' (Root cause: com.kms.katalon.core.webui.exception.WebElementNotFoundException: Web element with id: 'Object Repository/Page_Customer Login/input_loginusername' located by 'By.xpath: //input[@name = 'login[username]' and @id = 'email' and @title = 'Email' and @type = 'email']' not found)]]></system-err>
      </testcase>
      <testcase name="Test Cases/TC4_product_search" classname="Test Cases/TC4_product_search" status="PASSED">
         <system-out><![CDATA[2018-08-04 15:47:29 - [TEST_CASE][PASSED] - Test Cases/TC4_product_search: Test Cases/TC4_product_search

2018-08-04 15:47:29 - [TEST_STEP][PASSED] - openBrowser: Browser is opened with url: ''

2018-08-04 15:47:29 - [MESSAGE][WARNING] - A browser is already opened. Closing browser and opening a new one

2018-08-04 15:47:32 - [MESSAGE][PASSED] - Browser is opened with url: ''

2018-08-04 15:47:32 - [TEST_STEP][PASSED] - navigateToUrl: Navigate to 'https://www.masoko.com/' successfully

2018-08-04 15:47:46 - [MESSAGE][PASSED] - Navigate to 'https://www.masoko.com/' successfully

2018-08-04 15:47:46 - [TEST_STEP][PASSED] - click: Object: 'Object Repository/Page_Shop Online in Kenya - Pay Con/button_Search' is clicked on

2018-08-04 15:47:50 - [MESSAGE][PASSED] - Object: 'Object Repository/Page_Shop Online in Kenya - Pay Con/button_Search' is clicked on

2018-08-04 15:47:50 - [TEST_STEP][PASSED] - setText: Text 'bouncy diapers' is set on object 'Object Repository/Page_Shop Online in Kenya - Pay Con/input_q'

2018-08-04 15:47:51 - [MESSAGE][PASSED] - Text 'bouncy diapers' is set on object 'Object Repository/Page_Shop Online in Kenya - Pay Con/input_q'

2018-08-04 15:47:51 - [TEST_STEP][PASSED] - click: Object: 'Object Repository/Page_Shop Online in Kenya - Pay Con/button_Search' is clicked on

2018-08-04 15:47:59 - [MESSAGE][PASSED] - Object: 'Object Repository/Page_Shop Online in Kenya - Pay Con/button_Search' is clicked on

2018-08-04 15:47:59 - [TEST_STEP][PASSED] - closeBrowser: Browser is closed

2018-08-04 15:48:00 - [MESSAGE][PASSED] - Browser is closed]]></system-out>
         <system-err><![CDATA[]]></system-err>
      </testcase>
      <testcase name="Test Cases/TC5_product_search_specific_category" classname="Test Cases/TC5_product_search_specific_category" status="FAILED">
         <failure type="FAILED" message="Unable to click on object 'Object Repository/Page_Search results for huwawei/li_huawei34' (Root cause: com.kms.katalon.core.webui.exception.WebElementNotFoundException: Web element with id: 'Object Repository/Page_Search results for huwawei/li_huawei34' located by 'By.xpath: //li[@id = 'qs-option-0' and (text() = ' huawei34' or . = ' huawei34')]' not found)"/>
         <system-out><![CDATA[2018-08-04 15:48:00 - [TEST_CASE][FAILED] - Test Cases/TC5_product_search_specific_category: Test Cases/TC5_product_search_specific_category FAILED because (of) Unable to click on object 'Object Repository/Page_Search results for huwawei/li_huawei34' (Root cause: com.kms.katalon.core.webui.exception.WebElementNotFoundException: Web element with id: 'Object Repository/Page_Search results for huwawei/li_huawei34' located by 'By.xpath: //li[@id = 'qs-option-0' and (text() = ' huawei34' or . = ' huawei34')]' not found)

2018-08-04 15:48:00 - [TEST_STEP][PASSED] - openBrowser: Browser is opened with url: ''

2018-08-04 15:48:02 - [MESSAGE][PASSED] - Browser is opened with url: ''

2018-08-04 15:48:02 - [TEST_STEP][PASSED] - navigateToUrl: Navigate to 'https://www.masoko.com/' successfully

2018-08-04 15:48:16 - [MESSAGE][PASSED] - Navigate to 'https://www.masoko.com/' successfully

2018-08-04 15:48:16 - [TEST_STEP][PASSED] - selectOptionByValue: All options with value '923' are selected in object 'Object Repository/Page_Search results for Diapers/select_All CategoriesPHONES  T'  using regular expression

2018-08-04 15:48:17 - [MESSAGE][PASSED] - All options with value '923' are selected in object 'Object Repository/Page_Search results for Diapers/select_All CategoriesPHONES  T'  using regular expression

2018-08-04 15:48:17 - [TEST_STEP][PASSED] - setText: Text 'huwawei' is set on object 'Object Repository/Page_Search results for Diapers/input_q'

2018-08-04 15:48:18 - [MESSAGE][PASSED] - Text 'huwawei' is set on object 'Object Repository/Page_Search results for Diapers/input_q'

2018-08-04 15:48:18 - [TEST_STEP][PASSED] - click: Object: 'Object Repository/Page_Search results for Diapers/div_Search' is clicked on

2018-08-04 15:48:23 - [MESSAGE][PASSED] - Object: 'Object Repository/Page_Search results for Diapers/div_Search' is clicked on

2018-08-04 15:48:23 - [TEST_STEP][PASSED] - click: Object: 'Object Repository/Page_Search results for Diapers/button_Search' is clicked on

2018-08-04 15:48:28 - [MESSAGE][PASSED] - Object: 'Object Repository/Page_Search results for Diapers/button_Search' is clicked on

2018-08-04 15:48:28 - [TEST_STEP][PASSED] - setText: Text 'huawei' is set on object 'Object Repository/Page_Search results for huwawei/input_q'

2018-08-04 15:48:29 - [MESSAGE][PASSED] - Text 'huawei' is set on object 'Object Repository/Page_Search results for huwawei/input_q'

2018-08-04 15:48:29 - [TEST_STEP][FAILED] - click: Unable to click on object 'Object Repository/Page_Search results for huwawei/li_huawei34' (Root cause: com.kms.katalon.core.webui.exception.WebElementNotFoundException: Web element with id: 'Object Repository/Page_Search results for huwawei/li_huawei34' located by 'By.xpath: //li[@id = 'qs-option-0' and (text() = ' huawei34' or . = ' huawei34')]' not found)

2018-08-04 15:49:01 - [MESSAGE][FAILED] - Unable to click on object 'Object Repository/Page_Search results for huwawei/li_huawei34' (Root cause: com.kms.katalon.core.webui.exception.WebElementNotFoundException: Web element with id: 'Object Repository/Page_Search results for huwawei/li_huawei34' located by 'By.xpath: //li[@id = 'qs-option-0' and (text() = ' huawei34' or . = ' huawei34')]' not found)
[[ATTACHMENT|C:\\Users\\USER\\git\\codefest-Saf-2018\\Reports\\saf_masoko_test_suite\\20180804_154601\\1533386940843.png]]]]></system-out>
         <system-err><![CDATA[2018-08-04 15:48:00 - [TEST_CASE][FAILED] - Test Cases/TC5_product_search_specific_category: Test Cases/TC5_product_search_specific_category FAILED because (of) Unable to click on object 'Object Repository/Page_Search results for huwawei/li_huawei34' (Root cause: com.kms.katalon.core.webui.exception.WebElementNotFoundException: Web element with id: 'Object Repository/Page_Search results for huwawei/li_huawei34' located by 'By.xpath: //li[@id = 'qs-option-0' and (text() = ' huawei34' or . = ' huawei34')]' not found)]]></system-err>
      </testcase>
      <testcase name="Test Cases/TC6_add_to_cart" classname="Test Cases/TC6_add_to_cart" status="FAILED">
         <failure type="FAILED" message="Unable to click on object 'Object Repository/Page_Shop Online in Kenya - Pay Con/span_My Cart' (Root cause: org.openqa.selenium.WebDriverException: unknown error: Element &lt;span class=&quot;minicart-wrapper__text&quot;>...&lt;/span> is not clickable at point (579, 38). Other element would receive the click: &lt;div class=&quot;minicart__items block block-minicart ui-dialog-content ui-widget-content&quot; data-role=&quot;dropdownDialog&quot; id=&quot;ui-id-1&quot; style=&quot;display: block;&quot;>...&lt;/div>
  (Session info: chrome=67.0.3396.99)
  (Driver info: chromedriver=2.35.528161 (5b82f2d2aae0ca24b877009200ced9065a772e73),platform=Windows NT 10.0.17134 x86_64) (WARNING: The server did not provide any stacktrace information)
Command duration or timeout: 0 milliseconds
Build info: version: '3.7.1', revision: '8a0099a', time: '2017-11-06T21:07:36.161Z'
System info: host: 'DESKTOP-A3PF5TC', ip: '172.16.40.43', os.name: 'Windows 10', os.arch: 'amd64', os.version: '10.0', java.version: '1.8.0_102'
Driver info: com.kms.katalon.selenium.driver.CChromeDriver
Capabilities {acceptInsecureCerts: false, acceptSslCerts: false, applicationCacheEnabled: false, browserConnectionEnabled: false, browserName: chrome, chrome: {chromedriverVersion: 2.35.528161 (5b82f2d2aae0ca..., userDataDir: C:\Users\USER\AppData\Local...}, cssSelectorsEnabled: true, databaseEnabled: false, handlesAlerts: true, hasTouchScreen: false, javascriptEnabled: true, locationContextEnabled: true, mobileEmulationEnabled: false, nativeEvents: true, networkConnectionEnabled: false, pageLoadStrategy: normal, platform: XP, platformName: XP, rotatable: false, setWindowRect: true, takesHeapSnapshot: true, takesScreenshot: true, unexpectedAlertBehaviour: , unhandledPromptBehavior: , version: 67.0.3396.99, webStorageEnabled: true}
Session ID: 2a39201c7a5e7955f157f8b440e5a2dd)"/>
         <system-out><![CDATA[2018-08-04 15:49:01 - [TEST_CASE][FAILED] - Test Cases/TC6_add_to_cart: Test Cases/TC6_add_to_cart FAILED because (of) Unable to click on object 'Object Repository/Page_Shop Online in Kenya - Pay Con/span_My Cart' (Root cause: org.openqa.selenium.WebDriverException: unknown error: Element <span class="minicart-wrapper__text">...</span> is not clickable at point (579, 38). Other element would receive the click: <div class="minicart__items block block-minicart ui-dialog-content ui-widget-content" data-role="dropdownDialog" id="ui-id-1" style="display: block;">...</div>
  (Session info: chrome=67.0.3396.99)
  (Driver info: chromedriver=2.35.528161 (5b82f2d2aae0ca24b877009200ced9065a772e73),platform=Windows NT 10.0.17134 x86_64) (WARNING: The server did not provide any stacktrace information)
Command duration or timeout: 0 milliseconds
Build info: version: '3.7.1', revision: '8a0099a', time: '2017-11-06T21:07:36.161Z'
System info: host: 'DESKTOP-A3PF5TC', ip: '172.16.40.43', os.name: 'Windows 10', os.arch: 'amd64', os.version: '10.0', java.version: '1.8.0_102'
Driver info: com.kms.katalon.selenium.driver.CChromeDriver
Capabilities {acceptInsecureCerts: false, acceptSslCerts: false, applicationCacheEnabled: false, browserConnectionEnabled: false, browserName: chrome, chrome: {chromedriverVersion: 2.35.528161 (5b82f2d2aae0ca..., userDataDir: C:\Users\USER\AppData\Local...}, cssSelectorsEnabled: true, databaseEnabled: false, handlesAlerts: true, hasTouchScreen: false, javascriptEnabled: true, locationContextEnabled: true, mobileEmulationEnabled: false, nativeEvents: true, networkConnectionEnabled: false, pageLoadStrategy: normal, platform: XP, platformName: XP, rotatable: false, setWindowRect: true, takesHeapSnapshot: true, takesScreenshot: true, unexpectedAlertBehaviour: , unhandledPromptBehavior: , version: 67.0.3396.99, webStorageEnabled: true}
Session ID: 2a39201c7a5e7955f157f8b440e5a2dd)

2018-08-04 15:49:01 - [TEST_STEP][PASSED] - openBrowser: Browser is opened with url: ''

2018-08-04 15:49:01 - [MESSAGE][WARNING] - A browser is already opened. Closing browser and opening a new one

2018-08-04 15:49:04 - [MESSAGE][PASSED] - Browser is opened with url: ''

2018-08-04 15:49:04 - [TEST_STEP][PASSED] - navigateToUrl: Navigate to 'https://www.masoko.com/' successfully

2018-08-04 15:49:18 - [MESSAGE][PASSED] - Navigate to 'https://www.masoko.com/' successfully

2018-08-04 15:49:18 - [TEST_STEP][PASSED] - click: Object: 'Object Repository/Page_Shop Online in Kenya - Pay Con/span_Add to Cart' is clicked on

2018-08-04 15:49:28 - [MESSAGE][PASSED] - Object: 'Object Repository/Page_Shop Online in Kenya - Pay Con/span_Add to Cart' is clicked on

2018-08-04 15:49:28 - [TEST_STEP][FAILED] - click: Unable to click on object 'Object Repository/Page_Shop Online in Kenya - Pay Con/span_My Cart' (Root cause: org.openqa.selenium.WebDriverException: unknown error: Element <span class="minicart-wrapper__text">...</span> is not clickable at point (579, 38). Other element would receive the click: <div class="minicart__items block block-minicart ui-dialog-content ui-widget-content" data-role="dropdownDialog" id="ui-id-1" style="display: block;">...</div>
  (Session info: chrome=67.0.3396.99)
  (Driver info: chromedriver=2.35.528161 (5b82f2d2aae0ca24b877009200ced9065a772e73),platform=Windows NT 10.0.17134 x86_64) (WARNING: The server did not provide any stacktrace information)
Command duration or timeout: 0 milliseconds
Build info: version: '3.7.1', revision: '8a0099a', time: '2017-11-06T21:07:36.161Z'
System info: host: 'DESKTOP-A3PF5TC', ip: '172.16.40.43', os.name: 'Windows 10', os.arch: 'amd64', os.version: '10.0', java.version: '1.8.0_102'
Driver info: com.kms.katalon.selenium.driver.CChromeDriver
Capabilities {acceptInsecureCerts: false, acceptSslCerts: false, applicationCacheEnabled: false, browserConnectionEnabled: false, browserName: chrome, chrome: {chromedriverVersion: 2.35.528161 (5b82f2d2aae0ca..., userDataDir: C:\Users\USER\AppData\Local...}, cssSelectorsEnabled: true, databaseEnabled: false, handlesAlerts: true, hasTouchScreen: false, javascriptEnabled: true, locationContextEnabled: true, mobileEmulationEnabled: false, nativeEvents: true, networkConnectionEnabled: false, pageLoadStrategy: normal, platform: XP, platformName: XP, rotatable: false, setWindowRect: true, takesHeapSnapshot: true, takesScreenshot: true, unexpectedAlertBehaviour: , unhandledPromptBehavior: , version: 67.0.3396.99, webStorageEnabled: true}
Session ID: 2a39201c7a5e7955f157f8b440e5a2dd)

2018-08-04 15:49:28 - [MESSAGE][FAILED] - Unable to click on object 'Object Repository/Page_Shop Online in Kenya - Pay Con/span_My Cart' (Root cause: org.openqa.selenium.WebDriverException: unknown error: Element <span class="minicart-wrapper__text">...</span> is not clickable at point (579, 38). Other element would receive the click: <div class="minicart__items block block-minicart ui-dialog-content ui-widget-content" data-role="dropdownDialog" id="ui-id-1" style="display: block;">...</div>
  (Session info: chrome=67.0.3396.99)
  (Driver info: chromedriver=2.35.528161 (5b82f2d2aae0ca24b877009200ced9065a772e73),platform=Windows NT 10.0.17134 x86_64) (WARNING: The server did not provide any stacktrace information)
Command duration or timeout: 0 milliseconds
Build info: version: '3.7.1', revision: '8a0099a', time: '2017-11-06T21:07:36.161Z'
System info: host: 'DESKTOP-A3PF5TC', ip: '172.16.40.43', os.name: 'Windows 10', os.arch: 'amd64', os.version: '10.0', java.version: '1.8.0_102'
Driver info: com.kms.katalon.selenium.driver.CChromeDriver
Capabilities {acceptInsecureCerts: false, acceptSslCerts: false, applicationCacheEnabled: false, browserConnectionEnabled: false, browserName: chrome, chrome: {chromedriverVersion: 2.35.528161 (5b82f2d2aae0ca..., userDataDir: C:\Users\USER\AppData\Local...}, cssSelectorsEnabled: true, databaseEnabled: false, handlesAlerts: true, hasTouchScreen: false, javascriptEnabled: true, locationContextEnabled: true, mobileEmulationEnabled: false, nativeEvents: true, networkConnectionEnabled: false, pageLoadStrategy: normal, platform: XP, platformName: XP, rotatable: false, setWindowRect: true, takesHeapSnapshot: true, takesScreenshot: true, unexpectedAlertBehaviour: , unhandledPromptBehavior: , version: 67.0.3396.99, webStorageEnabled: true}
Session ID: 2a39201c7a5e7955f157f8b440e5a2dd)
[[ATTACHMENT|C:\\Users\\USER\\git\\codefest-Saf-2018\\Reports\\saf_masoko_test_suite\\20180804_154601\\1533386968161.png]]]]></system-out>
         <system-err><![CDATA[2018-08-04 15:49:01 - [TEST_CASE][FAILED] - Test Cases/TC6_add_to_cart: Test Cases/TC6_add_to_cart FAILED because (of) Unable to click on object 'Object Repository/Page_Shop Online in Kenya - Pay Con/span_My Cart' (Root cause: org.openqa.selenium.WebDriverException: unknown error: Element <span class="minicart-wrapper__text">...</span> is not clickable at point (579, 38). Other element would receive the click: <div class="minicart__items block block-minicart ui-dialog-content ui-widget-content" data-role="dropdownDialog" id="ui-id-1" style="display: block;">...</div>
  (Session info: chrome=67.0.3396.99)
  (Driver info: chromedriver=2.35.528161 (5b82f2d2aae0ca24b877009200ced9065a772e73),platform=Windows NT 10.0.17134 x86_64) (WARNING: The server did not provide any stacktrace information)
Command duration or timeout: 0 milliseconds
Build info: version: '3.7.1', revision: '8a0099a', time: '2017-11-06T21:07:36.161Z'
System info: host: 'DESKTOP-A3PF5TC', ip: '172.16.40.43', os.name: 'Windows 10', os.arch: 'amd64', os.version: '10.0', java.version: '1.8.0_102'
Driver info: com.kms.katalon.selenium.driver.CChromeDriver
Capabilities {acceptInsecureCerts: false, acceptSslCerts: false, applicationCacheEnabled: false, browserConnectionEnabled: false, browserName: chrome, chrome: {chromedriverVersion: 2.35.528161 (5b82f2d2aae0ca..., userDataDir: C:\Users\USER\AppData\Local...}, cssSelectorsEnabled: true, databaseEnabled: false, handlesAlerts: true, hasTouchScreen: false, javascriptEnabled: true, locationContextEnabled: true, mobileEmulationEnabled: false, nativeEvents: true, networkConnectionEnabled: false, pageLoadStrategy: normal, platform: XP, platformName: XP, rotatable: false, setWindowRect: true, takesHeapSnapshot: true, takesScreenshot: true, unexpectedAlertBehaviour: , unhandledPromptBehavior: , version: 67.0.3396.99, webStorageEnabled: true}
Session ID: 2a39201c7a5e7955f157f8b440e5a2dd)]]></system-err>
      </testcase>
      <system-out><![CDATA[2018-08-04 15:46:05 - [TEST_SUITE][FAILED] - saf_masoko_test_suite: Test Cases/TC1_user_registration FAILED because (of) Unable to click on object 'Object Repository/Page_Create New Customer Account/label_Confirm Password' (Root cause: org.openqa.selenium.ElementNotVisibleException: element not visible
  (Session info: chrome=67.0.3396.99)
  (Driver info: chromedriver=2.35.528161 (5b82f2d2aae0ca24b877009200ced9065a772e73),platform=Windows NT 10.0.17134 x86_64) (WARNING: The server did not provide any stacktrace information)
Command duration or timeout: 0 milliseconds
Build info: version: '3.7.1', revision: '8a0099a', time: '2017-11-06T21:07:36.161Z'
System info: host: 'DESKTOP-A3PF5TC', ip: '172.16.40.43', os.name: 'Windows 10', os.arch: 'amd64', os.version: '10.0', java.version: '1.8.0_102'
Driver info: com.kms.katalon.selenium.driver.CChromeDriver
Capabilities {acceptInsecureCerts: false, acceptSslCerts: false, applicationCacheEnabled: false, browserConnectionEnabled: false, browserName: chrome, chrome: {chromedriverVersion: 2.35.528161 (5b82f2d2aae0ca..., userDataDir: C:\Users\USER\AppData\Local...}, cssSelectorsEnabled: true, databaseEnabled: false, handlesAlerts: true, hasTouchScreen: false, javascriptEnabled: true, locationContextEnabled: true, mobileEmulationEnabled: false, nativeEvents: true, networkConnectionEnabled: false, pageLoadStrategy: normal, platform: XP, platformName: XP, rotatable: false, setWindowRect: true, takesHeapSnapshot: true, takesScreenshot: true, unexpectedAlertBehaviour: , unhandledPromptBehavior: , version: 67.0.3396.99, webStorageEnabled: true}
Session ID: 3882b0b31e4353628c82820d9faa117d)]]></system-out>
      <system-err><![CDATA[2018-08-04 15:46:05 - [TEST_SUITE][FAILED] - saf_masoko_test_suite: Test Cases/TC1_user_registration FAILED because (of) Unable to click on object 'Object Repository/Page_Create New Customer Account/label_Confirm Password' (Root cause: org.openqa.selenium.ElementNotVisibleException: element not visible
  (Session info: chrome=67.0.3396.99)
  (Driver info: chromedriver=2.35.528161 (5b82f2d2aae0ca24b877009200ced9065a772e73),platform=Windows NT 10.0.17134 x86_64) (WARNING: The server did not provide any stacktrace information)
Command duration or timeout: 0 milliseconds
Build info: version: '3.7.1', revision: '8a0099a', time: '2017-11-06T21:07:36.161Z'
System info: host: 'DESKTOP-A3PF5TC', ip: '172.16.40.43', os.name: 'Windows 10', os.arch: 'amd64', os.version: '10.0', java.version: '1.8.0_102'
Driver info: com.kms.katalon.selenium.driver.CChromeDriver
Capabilities {acceptInsecureCerts: false, acceptSslCerts: false, applicationCacheEnabled: false, browserConnectionEnabled: false, browserName: chrome, chrome: {chromedriverVersion: 2.35.528161 (5b82f2d2aae0ca..., userDataDir: C:\Users\USER\AppData\Local...}, cssSelectorsEnabled: true, databaseEnabled: false, handlesAlerts: true, hasTouchScreen: false, javascriptEnabled: true, locationContextEnabled: true, mobileEmulationEnabled: false, nativeEvents: true, networkConnectionEnabled: false, pageLoadStrategy: normal, platform: XP, platformName: XP, rotatable: false, setWindowRect: true, takesHeapSnapshot: true, takesScreenshot: true, unexpectedAlertBehaviour: , unhandledPromptBehavior: , version: 67.0.3396.99, webStorageEnabled: true}
Session ID: 3882b0b31e4353628c82820d9faa117d)]]></system-err>
   </testsuite>
</testsuites>
