{"devicePlatform":"","logFolder":"C:\\Users\\USER\\git\\codefest-Saf-2018\\Reports\\saf_masoko_test_suite\\20180804_130511","runData":{"hostName":"USER - DESKTOP-A3PF5TC","os":"Windows 10 64bit","katalonVersion":"5.5.0.1","browser":"Firefox 61.0","hostAddress":"172.16.40.43","sessionId":"44ed82e2-d1c2-44ae-b020-1b112bc94e5c","seleniumVersion":"3.7.1","proxyInformation":"ProxyInformation{proxyOption\u003dNO_PROXY, proxyServerType\u003dHTTP, password\u003d, proxyServerAddress\u003d, proxyServerPort\u003d0}","platform":"Windows 10"},"type":"TEST_SUITE","name":"saf_masoko_test_suite","id":"Test Suites/saf_masoko_test_suite","source":"","message":"Test Cases/user_registration FAILED because (of) Unable to click on object \u0027Object Repository/Page_Create New Customer Account/span_Create an Account\u0027 (Root cause: org.openqa.selenium.ElementNotInteractableException: Element \u003cspan\u003e could not be scrolled into view\nBuild info: version: \u00273.7.1\u0027, revision: \u00278a0099a\u0027, time: \u00272017-11-06T21:07:36.161Z\u0027\nSystem info: host: \u0027DESKTOP-A3PF5TC\u0027, ip: \u0027172.16.40.43\u0027, os.name: \u0027Windows 10\u0027, os.arch: \u0027amd64\u0027, os.version: \u002710.0\u0027, java.version: \u00271.8.0_102\u0027\nDriver info: com.kms.katalon.core.webui.driver.firefox.CGeckoDriver\nCapabilities {acceptInsecureCerts: true, browserName: firefox, browserVersion: 61.0.1, javascriptEnabled: true, moz:accessibilityChecks: false, moz:headless: false, moz:processID: 13084, moz:profile: C:\\Users\\USER\\AppData\\Local..., moz:useNonSpecCompliantPointerOrigin: false, moz:webdriverClick: true, pageLoadStrategy: normal, platform: XP, platformName: XP, platformVersion: 10.0, proxy: Proxy(direct), rotatable: false, timeouts: {implicit: 0, pageLoad: 300000, script: 30000}}\nSession ID: f55f5516-b348-424b-ae8a-6f3a768fea14)","description":"test suite","startTime":1533377114284,"endTime":1533377189926,"childRecords":[{"isOptional":false,"type":"TEST_CASE","name":"Test Cases/add_to_cart","id":"Test Cases/add_to_cart","source":"C:\\\\Users\\\\USER\\\\git\\\\codefest-Saf-2018\\\\Test Cases\\\\add_to_cart.tc","message":"Test Cases/add_to_cart","description":"add to cart","startTime":1533377114934,"endTime":1533377115444,"childRecords":[{"testStatus":{"stackTrace":"","statusValue":"INFO"},"type":"MESSAGE","name":"","message":"Evaluating variables for test case","startTime":1533377115000,"endTime":0,"childRecords":[],"interuppted":false},{"index":1,"isIgnoredIfFailed":false,"type":"TEST_STEP","name":"Statement - return null","description":"","startTime":1533377115438,"endTime":1533377115440,"childRecords":[],"interuppted":false},{"testStatus":{"stackTrace":"","statusValue":"PASSED"},"type":"MESSAGE","name":"","message":"Test Cases/add_to_cart","startTime":1533377115442,"endTime":0,"childRecords":[],"interuppted":false}],"interuppted":false},{"isOptional":false,"type":"TEST_CASE","name":"Test Cases/product_search","id":"Test Cases/product_search","source":"C:\\\\Users\\\\USER\\\\git\\\\codefest-Saf-2018\\\\Test Cases\\\\product_search.tc","message":"Test Cases/product_search","description":"product search","startTime":1533377115444,"endTime":1533377115867,"childRecords":[{"testStatus":{"stackTrace":"","statusValue":"INFO"},"type":"MESSAGE","name":"","message":"Evaluating variables for test case","startTime":1533377115496,"endTime":0,"childRecords":[],"interuppted":false},{"index":1,"isIgnoredIfFailed":false,"type":"TEST_STEP","name":"Statement - return null","description":"","startTime":1533377115858,"endTime":1533377115864,"childRecords":[],"interuppted":false},{"testStatus":{"stackTrace":"","statusValue":"PASSED"},"type":"MESSAGE","name":"","message":"Test Cases/product_search","startTime":1533377115867,"endTime":0,"childRecords":[],"interuppted":false}],"interuppted":false},{"isOptional":false,"type":"TEST_CASE","name":"Test Cases/user_registration","id":"Test Cases/user_registration","source":"C:\\\\Users\\\\USER\\\\git\\\\codefest-Saf-2018\\\\Test Cases\\\\user_registration.tc","message":"Test Cases/user_registration FAILED because (of) Unable to click on object \u0027Object Repository/Page_Create New Customer Account/span_Create an Account\u0027 (Root cause: org.openqa.selenium.ElementNotInteractableException: Element \u003cspan\u003e could not be scrolled into view\nBuild info: version: \u00273.7.1\u0027, revision: \u00278a0099a\u0027, time: \u00272017-11-06T21:07:36.161Z\u0027\nSystem info: host: \u0027DESKTOP-A3PF5TC\u0027, ip: \u0027172.16.40.43\u0027, os.name: \u0027Windows 10\u0027, os.arch: \u0027amd64\u0027, os.version: \u002710.0\u0027, java.version: \u00271.8.0_102\u0027\nDriver info: com.kms.katalon.core.webui.driver.firefox.CGeckoDriver\nCapabilities {acceptInsecureCerts: true, browserName: firefox, browserVersion: 61.0.1, javascriptEnabled: true, moz:accessibilityChecks: false, moz:headless: false, moz:processID: 13084, moz:profile: C:\\Users\\USER\\AppData\\Local..., moz:useNonSpecCompliantPointerOrigin: false, moz:webdriverClick: true, pageLoadStrategy: normal, platform: XP, platformName: XP, platformVersion: 10.0, proxy: Proxy(direct), rotatable: false, timeouts: {implicit: 0, pageLoad: 300000, script: 30000}}\nSession ID: f55f5516-b348-424b-ae8a-6f3a768fea14)","description":"user registration","startTime":1533377115867,"endTime":1533377152163,"childRecords":[{"testStatus":{"stackTrace":"","statusValue":"INFO"},"type":"MESSAGE","name":"","message":"Evaluating variables for test case","startTime":1533377115948,"endTime":0,"childRecords":[],"interuppted":false},{"index":1,"isIgnoredIfFailed":false,"type":"TEST_STEP","name":"openBrowser","message":"Browser is opened with url: \u0027\u0027","description":"","startTime":1533377116392,"endTime":1533377122664,"childRecords":[{"testStatus":{"stackTrace":"","statusValue":"PASSED"},"type":"MESSAGE","name":"","message":"Browser is opened with url: \u0027\u0027","startTime":1533377122664,"endTime":0,"childRecords":[],"interuppted":false}],"interuppted":false},{"index":2,"isIgnoredIfFailed":false,"type":"TEST_STEP","name":"navigateToUrl","message":"Navigate to \u0027https://www.masoko.com/\u0027 successfully","description":"","startTime":1533377122664,"endTime":1533377145722,"childRecords":[{"testStatus":{"stackTrace":"","statusValue":"PASSED"},"type":"MESSAGE","name":"","message":"Navigate to \u0027https://www.masoko.com/\u0027 successfully","startTime":1533377145722,"endTime":0,"childRecords":[],"interuppted":false}],"interuppted":false},{"index":3,"isIgnoredIfFailed":false,"type":"TEST_STEP","name":"click","message":"Object: \u0027Object Repository/Page_Shop Online in Kenya - Pay Con/span_Register\u0027 is clicked on","description":"","startTime":1533377145723,"endTime":1533377151279,"childRecords":[{"testStatus":{"stackTrace":"","statusValue":"PASSED"},"type":"MESSAGE","name":"","message":"Object: \u0027Object Repository/Page_Shop Online in Kenya - Pay Con/span_Register\u0027 is clicked on","startTime":1533377151276,"endTime":0,"childRecords":[],"interuppted":false}],"interuppted":false},{"attachment":"1533377151406.png","index":4,"isIgnoredIfFailed":false,"type":"TEST_STEP","name":"click","message":"Unable to click on object \u0027Object Repository/Page_Create New Customer Account/span_Create an Account\u0027 (Root cause: org.openqa.selenium.ElementNotInteractableException: Element \u003cspan\u003e could not be scrolled into view\nBuild info: version: \u00273.7.1\u0027, revision: \u00278a0099a\u0027, time: \u00272017-11-06T21:07:36.161Z\u0027\nSystem info: host: \u0027DESKTOP-A3PF5TC\u0027, ip: \u0027172.16.40.43\u0027, os.name: \u0027Windows 10\u0027, os.arch: \u0027amd64\u0027, os.version: \u002710.0\u0027, java.version: \u00271.8.0_102\u0027\nDriver info: com.kms.katalon.core.webui.driver.firefox.CGeckoDriver\nCapabilities {acceptInsecureCerts: true, browserName: firefox, browserVersion: 61.0.1, javascriptEnabled: true, moz:accessibilityChecks: false, moz:headless: false, moz:processID: 13084, moz:profile: C:\\Users\\USER\\AppData\\Local..., moz:useNonSpecCompliantPointerOrigin: false, moz:webdriverClick: true, pageLoadStrategy: normal, platform: XP, platformName: XP, platformVersion: 10.0, proxy: Proxy(direct), rotatable: false, timeouts: {implicit: 0, pageLoad: 300000, script: 30000}}\nSession ID: f55f5516-b348-424b-ae8a-6f3a768fea14)","description":"","startTime":1533377151279,"endTime":1533377152163,"childRecords":[{"testStatus":{"stackTrace":"","statusValue":"FAILED"},"attachment":"1533377151406.png","type":"MESSAGE","name":"","message":"Unable to click on object \u0027Object Repository/Page_Create New Customer Account/span_Create an Account\u0027 (Root cause: org.openqa.selenium.ElementNotInteractableException: Element \u003cspan\u003e could not be scrolled into view\nBuild info: version: \u00273.7.1\u0027, revision: \u00278a0099a\u0027, time: \u00272017-11-06T21:07:36.161Z\u0027\nSystem info: host: \u0027DESKTOP-A3PF5TC\u0027, ip: \u0027172.16.40.43\u0027, os.name: \u0027Windows 10\u0027, os.arch: \u0027amd64\u0027, os.version: \u002710.0\u0027, java.version: \u00271.8.0_102\u0027\nDriver info: com.kms.katalon.core.webui.driver.firefox.CGeckoDriver\nCapabilities {acceptInsecureCerts: true, browserName: firefox, browserVersion: 61.0.1, javascriptEnabled: true, moz:accessibilityChecks: false, moz:headless: false, moz:processID: 13084, moz:profile: C:\\Users\\USER\\AppData\\Local..., moz:useNonSpecCompliantPointerOrigin: false, moz:webdriverClick: true, pageLoadStrategy: normal, platform: XP, platformName: XP, platformVersion: 10.0, proxy: Proxy(direct), rotatable: false, timeouts: {implicit: 0, pageLoad: 300000, script: 30000}}\nSession ID: f55f5516-b348-424b-ae8a-6f3a768fea14)","startTime":1533377152157,"endTime":0,"childRecords":[],"interuppted":false}],"interuppted":false},{"testStatus":{"stackTrace":"","statusValue":"FAILED"},"type":"MESSAGE","name":"","message":"Test Cases/user_registration FAILED because (of) Unable to click on object \u0027Object Repository/Page_Create New Customer Account/span_Create an Account\u0027 (Root cause: org.openqa.selenium.ElementNotInteractableException: Element \u003cspan\u003e could not be scrolled into view\nBuild info: version: \u00273.7.1\u0027, revision: \u00278a0099a\u0027, time: \u00272017-11-06T21:07:36.161Z\u0027\nSystem info: host: \u0027DESKTOP-A3PF5TC\u0027, ip: \u0027172.16.40.43\u0027, os.name: \u0027Windows 10\u0027, os.arch: \u0027amd64\u0027, os.version: \u002710.0\u0027, java.version: \u00271.8.0_102\u0027\nDriver info: com.kms.katalon.core.webui.driver.firefox.CGeckoDriver\nCapabilities {acceptInsecureCerts: true, browserName: firefox, browserVersion: 61.0.1, javascriptEnabled: true, moz:accessibilityChecks: false, moz:headless: false, moz:processID: 13084, moz:profile: C:\\Users\\USER\\AppData\\Local..., moz:useNonSpecCompliantPointerOrigin: false, moz:webdriverClick: true, pageLoadStrategy: normal, platform: XP, platformName: XP, platformVersion: 10.0, proxy: Proxy(direct), rotatable: false, timeouts: {implicit: 0, pageLoad: 300000, script: 30000}}\nSession ID: f55f5516-b348-424b-ae8a-6f3a768fea14)","startTime":1533377152163,"endTime":0,"childRecords":[],"interuppted":false}],"interuppted":false},{"isOptional":false,"type":"TEST_CASE","name":"Test Cases/user_sig_in","id":"Test Cases/user_sig_in","source":"C:\\\\Users\\\\USER\\\\git\\\\codefest-Saf-2018\\\\Test Cases\\\\user_sig_in.tc","message":"Test Cases/user_sig_in FAILED because (of) Unable to set text \u0027cheroda@gmail.com\u0027 of object \u0027Object Repository/Page_Customer Login/input_loginusername\u0027 (Root cause: com.kms.katalon.core.webui.exception.WebElementNotFoundException: Web element with id: \u0027Object Repository/Page_Customer Login/input_loginusername\u0027 located by \u0027By.xpath: //input[@name \u003d \u0027login[username]\u0027 and @id \u003d \u0027email\u0027 and @title \u003d \u0027Email\u0027 and @type \u003d \u0027email\u0027]\u0027 not found)","description":"user sign in","startTime":1533377152179,"endTime":1533377189485,"childRecords":[{"testStatus":{"stackTrace":"","statusValue":"INFO"},"type":"MESSAGE","name":"","message":"Evaluating variables for test case","startTime":1533377152250,"endTime":0,"childRecords":[],"interuppted":false},{"index":1,"isIgnoredIfFailed":false,"type":"TEST_STEP","name":"openBrowser","message":"Browser is opened with url: \u0027\u0027","description":"","startTime":1533377152713,"endTime":1533377157639,"childRecords":[{"testStatus":{"stackTrace":"","statusValue":"WARNING"},"type":"MESSAGE","name":"","message":"A browser is already opened. Closing browser and opening a new one","startTime":1533377152715,"endTime":0,"childRecords":[],"interuppted":false},{"testStatus":{"stackTrace":"","statusValue":"PASSED"},"type":"MESSAGE","name":"","message":"Browser is opened with url: \u0027\u0027","startTime":1533377157639,"endTime":0,"childRecords":[],"interuppted":false}],"interuppted":false},{"attachment":"1533377189428.png","index":2,"isIgnoredIfFailed":false,"type":"TEST_STEP","name":"setText","message":"Unable to set text \u0027cheroda@gmail.com\u0027 of object \u0027Object Repository/Page_Customer Login/input_loginusername\u0027 (Root cause: com.kms.katalon.core.webui.exception.WebElementNotFoundException: Web element with id: \u0027Object Repository/Page_Customer Login/input_loginusername\u0027 located by \u0027By.xpath: //input[@name \u003d \u0027login[username]\u0027 and @id \u003d \u0027email\u0027 and @title \u003d \u0027Email\u0027 and @type \u003d \u0027email\u0027]\u0027 not found)","description":"","startTime":1533377157639,"endTime":1533377189483,"childRecords":[{"testStatus":{"stackTrace":"","statusValue":"FAILED"},"attachment":"1533377189428.png","type":"MESSAGE","name":"","message":"Unable to set text \u0027cheroda@gmail.com\u0027 of object \u0027Object Repository/Page_Customer Login/input_loginusername\u0027 (Root cause: com.kms.katalon.core.webui.exception.WebElementNotFoundException: Web element with id: \u0027Object Repository/Page_Customer Login/input_loginusername\u0027 located by \u0027By.xpath: //input[@name \u003d \u0027login[username]\u0027 and @id \u003d \u0027email\u0027 and @title \u003d \u0027Email\u0027 and @type \u003d \u0027email\u0027]\u0027 not found)","startTime":1533377189481,"endTime":0,"childRecords":[],"interuppted":false}],"interuppted":false},{"testStatus":{"stackTrace":"","statusValue":"FAILED"},"type":"MESSAGE","name":"","message":"Test Cases/user_sig_in FAILED because (of) Unable to set text \u0027cheroda@gmail.com\u0027 of object \u0027Object Repository/Page_Customer Login/input_loginusername\u0027 (Root cause: com.kms.katalon.core.webui.exception.WebElementNotFoundException: Web element with id: \u0027Object Repository/Page_Customer Login/input_loginusername\u0027 located by \u0027By.xpath: //input[@name \u003d \u0027login[username]\u0027 and @id \u003d \u0027email\u0027 and @title \u003d \u0027Email\u0027 and @type \u003d \u0027email\u0027]\u0027 not found)","startTime":1533377189484,"endTime":0,"childRecords":[],"interuppted":false}],"interuppted":false}],"interuppted":false}